<?xml version="1.0" encoding="UTF-8"?>
<testng-results ignored="0" total="3" passed="3" failed="0" skipped="0">
  <reporter-output>
  </reporter-output>
  <suite started-at="2023-10-31T22:15:16 IST" name="Default suite" finished-at="2023-10-31T22:16:14 IST" duration-ms="57967">
    <groups>
    </groups>
    <test started-at="2023-10-31T22:15:16 IST" name="Default test" finished-at="2023-10-31T22:16:14 IST" duration-ms="57967">
      <class name="yummnew.testcases.logintestcase">
        <test-method is-config="true" signature="setup()[pri:0, instance:yummnew.testcases.logintestcase@4de41af9]" started-at="2023-10-31T22:15:16 IST" name="setup" finished-at="2023-10-31T22:15:35 IST" duration-ms="18490" status="PASS">
          <reporter-output>
          </reporter-output>
        </test-method> <!-- setup -->
        <test-method signature="loginpagetitletest()[pri:1, instance:yummnew.testcases.logintestcase@4de41af9]" started-at="2023-10-31T22:15:35 IST" name="loginpagetitletest" finished-at="2023-10-31T22:15:35 IST" duration-ms="17" status="PASS">
          <reporter-output>
          </reporter-output>
        </test-method> <!-- loginpagetitletest -->
        <test-method signature="logotest()[pri:2, instance:yummnew.testcases.logintestcase@4de41af9]" started-at="2023-10-31T22:15:35 IST" name="logotest" finished-at="2023-10-31T22:15:35 IST" duration-ms="67" status="PASS">
          <reporter-output>
          </reporter-output>
        </test-method> <!-- logotest -->
        <test-method signature="logincheck()[pri:3, instance:yummnew.testcases.logintestcase@4de41af9]" started-at="2023-10-31T22:15:35 IST" name="logincheck" finished-at="2023-10-31T22:16:14 IST" duration-ms="39295" status="PASS">
          <reporter-output>
          </reporter-output>
        </test-method> <!-- logincheck -->
      </class> <!-- yummnew.testcases.logintestcase -->
    </test> <!-- Default test -->
  </suite> <!-- Default suite -->
</testng-results>
